app/build/intermediates/manifest_merge_blame_file/release/manifest-merger-blame-release-report.txt
1<?xml version="1.0" encoding="utf-8"?>
2<manifest xmlns:android="http://schemas.android.com/apk/res/android"
3    package="com.rc.hangman"
4    android:versionCode="4"
5    android:versionName="2.0" >
6
7    <uses-sdk
8        android:minSdkVersion="23"
8-->src\main\AndroidManifest.xml
9        android:targetSdkVersion="30" />
9-->src\main\AndroidManifest.xml
10
11    <uses-permission android:name="android.permission.INTERNET" />
11-->src\main\AndroidManifest.xml:5:5-66
11-->src\main\AndroidManifest.xml:5:22-64
12    <uses-permission android:name="android.permission.VIBRATE" />
12-->src\main\AndroidManifest.xml:6:5-66
12-->src\main\AndroidManifest.xml:6:22-63
13    <uses-permission android:name="android.permission.ACCESS_NETWORK_STATE" /> <!-- Android package visibility setting -->
13-->[com.google.android.gms:play-services-ads-lite:20.2.0] AndroidManifest.xml:24:5-79
13-->[com.google.android.gms:play-services-ads-lite:20.2.0] AndroidManifest.xml:24:22-76
14    <queries>
14-->[com.google.android.gms:play-services-ads-lite:20.2.0] AndroidManifest.xml:27:5-43:15
15
16        <!-- For browser content -->
17        <intent>
17-->[com.google.android.gms:play-services-ads-lite:20.2.0] AndroidManifest.xml:30:9-36:18
18            <action android:name="android.intent.action.VIEW" />
18-->[com.google.android.gms:play-services-ads-lite:20.2.0] AndroidManifest.xml:31:13-65
18-->[com.google.android.gms:play-services-ads-lite:20.2.0] AndroidManifest.xml:31:21-62
19
20            <category android:name="android.intent.category.BROWSABLE" />
20-->[com.google.android.gms:play-services-ads-lite:20.2.0] AndroidManifest.xml:33:13-74
20-->[com.google.android.gms:play-services-ads-lite:20.2.0] AndroidManifest.xml:33:23-71
21
22            <data android:scheme="https" />
22-->[com.google.android.gms:play-services-ads-lite:20.2.0] AndroidManifest.xml:35:13-44
22-->[com.google.android.gms:play-services-ads-lite:20.2.0] AndroidManifest.xml:35:19-41
23        </intent>
24        <!-- End of browser content -->
25        <!-- For CustomTabsService -->
26        <intent>
26-->[com.google.android.gms:play-services-ads-lite:20.2.0] AndroidManifest.xml:30:9-36:18
27            <action android:name="android.support.customtabs.action.CustomTabsService" />
28        </intent>
29        <!-- End of CustomTabsService -->
30    </queries>
31
32    <uses-permission android:name="android.permission.WAKE_LOCK" />
32-->[com.google.android.gms:play-services-measurement-sdk-api:18.0.0] AndroidManifest.xml:25:5-68
32-->[com.google.android.gms:play-services-measurement-sdk-api:18.0.0] AndroidManifest.xml:25:22-65
33    <uses-permission android:name="android.permission.RECEIVE_BOOT_COMPLETED" />
33-->[androidx.work:work-runtime:2.1.0] AndroidManifest.xml:27:5-81
33-->[androidx.work:work-runtime:2.1.0] AndroidManifest.xml:27:22-78
34
35    <application
35-->src\main\AndroidManifest.xml:9:5-34:19
36        android:allowBackup="true"
36-->src\main\AndroidManifest.xml:11:9-35
37        android:appComponentFactory="androidx.core.app.CoreComponentFactory"
37-->[androidx.core:core:1.5.0] AndroidManifest.xml:24:18-86
38        android:extractNativeLibs="false"
39        android:hardwareAccelerated="true"
39-->src\main\AndroidManifest.xml:17:9-43
40        android:icon="@mipmap/hm_launcher"
40-->src\main\AndroidManifest.xml:12:9-43
41        android:label="@string/app_name"
41-->src\main\AndroidManifest.xml:13:9-41
42        android:roundIcon="@mipmap/hm_launcher_round"
42-->src\main\AndroidManifest.xml:14:9-54
43        android:supportsRtl="true"
43-->src\main\AndroidManifest.xml:15:9-35
44        android:theme="@style/AppTheme" >
44-->src\main\AndroidManifest.xml:16:9-40
45        <meta-data
45-->src\main\AndroidManifest.xml:18:9-20:50
46            android:name="com.google.android.gms.ads.APPLICATION_ID"
46-->src\main\AndroidManifest.xml:19:13-69
47            android:value="@string/app_test_id" />
47-->src\main\AndroidManifest.xml:20:13-48
48
49        <activity
49-->src\main\AndroidManifest.xml:23:9-24:51
50            android:name="com.rc.hangman.MainActivity"
50-->src\main\AndroidManifest.xml:23:19-47
51            android:screenOrientation="portrait" />
51-->src\main\AndroidManifest.xml:24:13-49
52        <activity
52-->src\main\AndroidManifest.xml:25:9-33:20
53            android:name="com.rc.hangman.MenuActivity"
53-->src\main\AndroidManifest.xml:26:13-41
54            android:screenOrientation="portrait" >
54-->src\main\AndroidManifest.xml:27:13-49
55            <intent-filter>
55-->src\main\AndroidManifest.xml:28:13-32:29
56                <action android:name="android.intent.action.MAIN" />
56-->src\main\AndroidManifest.xml:29:17-69
56-->src\main\AndroidManifest.xml:29:25-66
57
58                <category android:name="android.intent.category.LAUNCHER" />
58-->src\main\AndroidManifest.xml:31:17-77
58-->src\main\AndroidManifest.xml:31:27-74
59            </intent-filter>
60        </activity>
61        <!-- Include the AdActivity and InAppPurchaseActivity configChanges and themes. -->
62        <activity
62-->[com.google.android.gms:play-services-ads-lite:20.2.0] AndroidManifest.xml:48:9-52:64
63            android:name="com.google.android.gms.ads.AdActivity"
63-->[com.google.android.gms:play-services-ads-lite:20.2.0] AndroidManifest.xml:49:13-65
64            android:configChanges="keyboard|keyboardHidden|orientation|screenLayout|uiMode|screenSize|smallestScreenSize"
64-->[com.google.android.gms:play-services-ads-lite:20.2.0] AndroidManifest.xml:50:13-122
65            android:exported="false"
65-->[com.google.android.gms:play-services-ads-lite:20.2.0] AndroidManifest.xml:51:13-37
66            android:theme="@android:style/Theme.Translucent" />
66-->[com.google.android.gms:play-services-ads-lite:20.2.0] AndroidManifest.xml:52:13-61
67
68        <provider
68-->[com.google.android.gms:play-services-ads-lite:20.2.0] AndroidManifest.xml:54:9-58:39
69            android:name="com.google.android.gms.ads.MobileAdsInitProvider"
69-->[com.google.android.gms:play-services-ads-lite:20.2.0] AndroidManifest.xml:55:13-76
70            android:authorities="com.rc.hangman.mobileadsinitprovider"
70-->[com.google.android.gms:play-services-ads-lite:20.2.0] AndroidManifest.xml:56:13-73
71            android:exported="false"
71-->[com.google.android.gms:play-services-ads-lite:20.2.0] AndroidManifest.xml:57:13-37
72            android:initOrder="100" />
72-->[com.google.android.gms:play-services-ads-lite:20.2.0] AndroidManifest.xml:58:13-36
73
74        <service
74-->[com.google.android.gms:play-services-ads-lite:20.2.0] AndroidManifest.xml:60:9-63:40
75            android:name="com.google.android.gms.ads.AdService"
75-->[com.google.android.gms:play-services-ads-lite:20.2.0] AndroidManifest.xml:61:13-64
76            android:enabled="true"
76-->[com.google.android.gms:play-services-ads-lite:20.2.0] AndroidManifest.xml:62:13-35
77            android:exported="false" />
77-->[com.google.android.gms:play-services-ads-lite:20.2.0] AndroidManifest.xml:63:13-37
78
79        <meta-data
79-->[com.google.android.gms:play-services-basement:17.6.0] AndroidManifest.xml:23:9-25:69
80            android:name="com.google.android.gms.version"
80-->[com.google.android.gms:play-services-basement:17.6.0] AndroidManifest.xml:24:13-58
81            android:value="@integer/google_play_services_version" />
81-->[com.google.android.gms:play-services-basement:17.6.0] AndroidManifest.xml:25:13-66
82
83        <provider
83-->[androidx.work:work-runtime:2.1.0] AndroidManifest.xml:30:9-36:35
84            android:name="androidx.work.impl.WorkManagerInitializer"
84-->[androidx.work:work-runtime:2.1.0] AndroidManifest.xml:31:13-69
85            android:authorities="com.rc.hangman.workmanager-init"
85-->[androidx.work:work-runtime:2.1.0] AndroidManifest.xml:32:13-68
86            android:directBootAware="false"
86-->[androidx.work:work-runtime:2.1.0] AndroidManifest.xml:33:13-44
87            android:exported="false"
87-->[androidx.work:work-runtime:2.1.0] AndroidManifest.xml:34:13-37
88            android:multiprocess="true" />
88-->[androidx.work:work-runtime:2.1.0] AndroidManifest.xml:35:13-40
89
90        <service
90-->[androidx.work:work-runtime:2.1.0] AndroidManifest.xml:38:9-43:35
91            android:name="androidx.work.impl.background.systemalarm.SystemAlarmService"
91-->[androidx.work:work-runtime:2.1.0] AndroidManifest.xml:39:13-88
92            android:directBootAware="false"
92-->[androidx.work:work-runtime:2.1.0] AndroidManifest.xml:40:13-44
93            android:enabled="@bool/enable_system_alarm_service_default"
93-->[androidx.work:work-runtime:2.1.0] AndroidManifest.xml:41:13-72
94            android:exported="false" />
94-->[androidx.work:work-runtime:2.1.0] AndroidManifest.xml:42:13-37
95        <service
95-->[androidx.work:work-runtime:2.1.0] AndroidManifest.xml:44:9-50:35
96            android:name="androidx.work.impl.background.systemjob.SystemJobService"
96-->[androidx.work:work-runtime:2.1.0] AndroidManifest.xml:45:13-84
97            android:directBootAware="false"
97-->[androidx.work:work-runtime:2.1.0] AndroidManifest.xml:46:13-44
98            android:enabled="@bool/enable_system_job_service_default"
98-->[androidx.work:work-runtime:2.1.0] AndroidManifest.xml:47:13-70
99            android:exported="true"
99-->[androidx.work:work-runtime:2.1.0] AndroidManifest.xml:48:13-36
100            android:permission="android.permission.BIND_JOB_SERVICE" />
100-->[androidx.work:work-runtime:2.1.0] AndroidManifest.xml:49:13-69
101
102        <receiver
102-->[androidx.work:work-runtime:2.1.0] AndroidManifest.xml:52:9-57:35
103            android:name="androidx.work.impl.utils.ForceStopRunnable$BroadcastReceiver"
103-->[androidx.work:work-runtime:2.1.0] AndroidManifest.xml:53:13-88
104            android:directBootAware="false"
104-->[androidx.work:work-runtime:2.1.0] AndroidManifest.xml:54:13-44
105            android:enabled="true"
105-->[androidx.work:work-runtime:2.1.0] AndroidManifest.xml:55:13-35
106            android:exported="false" />
106-->[androidx.work:work-runtime:2.1.0] AndroidManifest.xml:56:13-37
107        <receiver
107-->[androidx.work:work-runtime:2.1.0] AndroidManifest.xml:58:9-68:20
108            android:name="androidx.work.impl.background.systemalarm.ConstraintProxy$BatteryChargingProxy"
108-->[androidx.work:work-runtime:2.1.0] AndroidManifest.xml:59:13-106
109            android:directBootAware="false"
109-->[androidx.work:work-runtime:2.1.0] AndroidManifest.xml:60:13-44
110            android:enabled="false"
110-->[androidx.work:work-runtime:2.1.0] AndroidManifest.xml:61:13-36
111            android:exported="false" >
111-->[androidx.work:work-runtime:2.1.0] AndroidManifest.xml:62:13-37
112            <intent-filter>
112-->[androidx.work:work-runtime:2.1.0] AndroidManifest.xml:64:13-67:29
113                <action android:name="android.intent.action.ACTION_POWER_CONNECTED" />
113-->[androidx.work:work-runtime:2.1.0] AndroidManifest.xml:65:17-87
113-->[androidx.work:work-runtime:2.1.0] AndroidManifest.xml:65:25-84
114                <action android:name="android.intent.action.ACTION_POWER_DISCONNECTED" />
114-->[androidx.work:work-runtime:2.1.0] AndroidManifest.xml:66:17-90
114-->[androidx.work:work-runtime:2.1.0] AndroidManifest.xml:66:25-87
115            </intent-filter>
116        </receiver>
117        <receiver
117-->[androidx.work:work-runtime:2.1.0] AndroidManifest.xml:69:9-79:20
118            android:name="androidx.work.impl.background.systemalarm.ConstraintProxy$BatteryNotLowProxy"
118-->[androidx.work:work-runtime:2.1.0] AndroidManifest.xml:70:13-104
119            android:directBootAware="false"
119-->[androidx.work:work-runtime:2.1.0] AndroidManifest.xml:71:13-44
120            android:enabled="false"
120-->[androidx.work:work-runtime:2.1.0] AndroidManifest.xml:72:13-36
121            android:exported="false" >
121-->[androidx.work:work-runtime:2.1.0] AndroidManifest.xml:73:13-37
122            <intent-filter>
122-->[androidx.work:work-runtime:2.1.0] AndroidManifest.xml:75:13-78:29
123                <action android:name="android.intent.action.BATTERY_OKAY" />
123-->[androidx.work:work-runtime:2.1.0] AndroidManifest.xml:76:17-77
123-->[androidx.work:work-runtime:2.1.0] AndroidManifest.xml:76:25-74
124                <action android:name="android.intent.action.BATTERY_LOW" />
124-->[androidx.work:work-runtime:2.1.0] AndroidManifest.xml:77:17-76
124-->[androidx.work:work-runtime:2.1.0] AndroidManifest.xml:77:25-73
125            </intent-filter>
126        </receiver>
127        <receiver
127-->[androidx.work:work-runtime:2.1.0] AndroidManifest.xml:80:9-90:20
128            android:name="androidx.work.impl.background.systemalarm.ConstraintProxy$StorageNotLowProxy"
128-->[androidx.work:work-runtime:2.1.0] AndroidManifest.xml:81:13-104
129            android:directBootAware="false"
129-->[androidx.work:work-runtime:2.1.0] AndroidManifest.xml:82:13-44
130            android:enabled="false"
130-->[androidx.work:work-runtime:2.1.0] AndroidManifest.xml:83:13-36
131            android:exported="false" >
131-->[androidx.work:work-runtime:2.1.0] AndroidManifest.xml:84:13-37
132            <intent-filter>
132-->[androidx.work:work-runtime:2.1.0] AndroidManifest.xml:86:13-89:29
133                <action android:name="android.intent.action.DEVICE_STORAGE_LOW" />
133-->[androidx.work:work-runtime:2.1.0] AndroidManifest.xml:87:17-83
133-->[androidx.work:work-runtime:2.1.0] AndroidManifest.xml:87:25-80
134                <action android:name="android.intent.action.DEVICE_STORAGE_OK" />
134-->[androidx.work:work-runtime:2.1.0] AndroidManifest.xml:88:17-82
134-->[androidx.work:work-runtime:2.1.0] AndroidManifest.xml:88:25-79
135            </intent-filter>
136        </receiver>
137        <receiver
137-->[androidx.work:work-runtime:2.1.0] AndroidManifest.xml:91:9-100:20
138            android:name="androidx.work.impl.background.systemalarm.ConstraintProxy$NetworkStateProxy"
138-->[androidx.work:work-runtime:2.1.0] AndroidManifest.xml:92:13-103
139            android:directBootAware="false"
139-->[androidx.work:work-runtime:2.1.0] AndroidManifest.xml:93:13-44
140            android:enabled="false"
140-->[androidx.work:work-runtime:2.1.0] AndroidManifest.xml:94:13-36
141            android:exported="false" >
141-->[androidx.work:work-runtime:2.1.0] AndroidManifest.xml:95:13-37
142            <intent-filter>
142-->[androidx.work:work-runtime:2.1.0] AndroidManifest.xml:97:13-99:29
143                <action android:name="android.net.conn.CONNECTIVITY_CHANGE" />
143-->[androidx.work:work-runtime:2.1.0] AndroidManifest.xml:98:17-79
143-->[androidx.work:work-runtime:2.1.0] AndroidManifest.xml:98:25-76
144            </intent-filter>
145        </receiver>
146        <receiver
146-->[androidx.work:work-runtime:2.1.0] AndroidManifest.xml:101:9-112:20
147            android:name="androidx.work.impl.background.systemalarm.RescheduleReceiver"
147-->[androidx.work:work-runtime:2.1.0] AndroidManifest.xml:102:13-88
148            android:directBootAware="false"
148-->[androidx.work:work-runtime:2.1.0] AndroidManifest.xml:103:13-44
149            android:enabled="false"
149-->[androidx.work:work-runtime:2.1.0] AndroidManifest.xml:104:13-36
150            android:exported="false" >
150-->[androidx.work:work-runtime:2.1.0] AndroidManifest.xml:105:13-37
151            <intent-filter>
151-->[androidx.work:work-runtime:2.1.0] AndroidManifest.xml:107:13-111:29
152                <action android:name="android.intent.action.BOOT_COMPLETED" />
152-->[androidx.work:work-runtime:2.1.0] AndroidManifest.xml:108:17-79
152-->[androidx.work:work-runtime:2.1.0] AndroidManifest.xml:108:25-76
153                <action android:name="android.intent.action.TIME_SET" />
153-->[androidx.work:work-runtime:2.1.0] AndroidManifest.xml:109:17-73
153-->[androidx.work:work-runtime:2.1.0] AndroidManifest.xml:109:25-70
154                <action android:name="android.intent.action.TIMEZONE_CHANGED" />
154-->[androidx.work:work-runtime:2.1.0] AndroidManifest.xml:110:17-81
154-->[androidx.work:work-runtime:2.1.0] AndroidManifest.xml:110:25-78
155            </intent-filter>
156        </receiver>
157        <receiver
157-->[androidx.work:work-runtime:2.1.0] AndroidManifest.xml:113:9-122:20
158            android:name="androidx.work.impl.background.systemalarm.ConstraintProxyUpdateReceiver"
158-->[androidx.work:work-runtime:2.1.0] AndroidManifest.xml:114:13-99
159            android:directBootAware="false"
159-->[androidx.work:work-runtime:2.1.0] AndroidManifest.xml:115:13-44
160            android:enabled="@bool/enable_system_alarm_service_default"
160-->[androidx.work:work-runtime:2.1.0] AndroidManifest.xml:116:13-72
161            android:exported="false" >
161-->[androidx.work:work-runtime:2.1.0] AndroidManifest.xml:117:13-37
162            <intent-filter>
162-->[androidx.work:work-runtime:2.1.0] AndroidManifest.xml:119:13-121:29
163                <action android:name="androidx.work.impl.background.systemalarm.UpdateProxies" />
163-->[androidx.work:work-runtime:2.1.0] AndroidManifest.xml:120:17-98
163-->[androidx.work:work-runtime:2.1.0] AndroidManifest.xml:120:25-95
164            </intent-filter>
165        </receiver>
166
167        <service
167-->[androidx.room:room-runtime:2.1.0] AndroidManifest.xml:25:9-27:40
168            android:name="androidx.room.MultiInstanceInvalidationService"
168-->[androidx.room:room-runtime:2.1.0] AndroidManifest.xml:26:13-74
169            android:exported="false" />
169-->[androidx.room:room-runtime:2.1.0] AndroidManifest.xml:27:13-37
170    </application>
171
172</manifest>